  Source.cpp
C:\Users\Administrator\Desktop\soft dev 2\checksum and upper case\checksum and upper case\Source.cpp(13,2): error C4235: nonstandard extension used: '__asm' keyword not supported on this architecture
C:\Users\Administrator\Desktop\soft dev 2\checksum and upper case\checksum and upper case\Source.cpp(17,3): error C2065: 'mov': undeclared identifier
C:\Users\Administrator\Desktop\soft dev 2\checksum and upper case\checksum and upper case\Source.cpp(17,7): error C2146: syntax error: missing ';' before identifier 'ecx'
C:\Users\Administrator\Desktop\soft dev 2\checksum and upper case\checksum and upper case\Source.cpp(17,7): error C2065: 'ecx': undeclared identifier
C:\Users\Administrator\Desktop\soft dev 2\checksum and upper case\checksum and upper case\Source.cpp(20,3): error C2146: syntax error: missing ';' before identifier 'mov'
C:\Users\Administrator\Desktop\soft dev 2\checksum and upper case\checksum and upper case\Source.cpp(20,3): error C2065: 'mov': undeclared identifier
C:\Users\Administrator\Desktop\soft dev 2\checksum and upper case\checksum and upper case\Source.cpp(20,7): error C2146: syntax error: missing ';' before identifier 'ebx'
C:\Users\Administrator\Desktop\soft dev 2\checksum and upper case\checksum and upper case\Source.cpp(20,7): error C2065: 'ebx': undeclared identifier
C:\Users\Administrator\Desktop\soft dev 2\checksum and upper case\checksum and upper case\Source.cpp(22,3): error C2146: syntax error: missing ';' before identifier 'start_loop'
C:\Users\Administrator\Desktop\soft dev 2\checksum and upper case\checksum and upper case\Source.cpp(24,3): error C2065: 'mov': undeclared identifier
C:\Users\Administrator\Desktop\soft dev 2\checksum and upper case\checksum and upper case\Source.cpp(24,7): error C2146: syntax error: missing ';' before identifier 'al'
C:\Users\Administrator\Desktop\soft dev 2\checksum and upper case\checksum and upper case\Source.cpp(24,7): error C2065: 'al': undeclared identifier
C:\Users\Administrator\Desktop\soft dev 2\checksum and upper case\checksum and upper case\Source.cpp(24,11): error C2065: 'byte': undeclared identifier
C:\Users\Administrator\Desktop\soft dev 2\checksum and upper case\checksum and upper case\Source.cpp(24,16): error C2146: syntax error: missing ';' before identifier 'ptr'
C:\Users\Administrator\Desktop\soft dev 2\checksum and upper case\checksum and upper case\Source.cpp(24,16): error C2065: 'ptr': undeclared identifier
C:\Users\Administrator\Desktop\soft dev 2\checksum and upper case\checksum and upper case\Source.cpp(24,20): error C2065: 'ebx': undeclared identifier
C:\Users\Administrator\Desktop\soft dev 2\checksum and upper case\checksum and upper case\Source.cpp(24,26): error C2065: 'ecx': undeclared identifier
C:\Users\Administrator\Desktop\soft dev 2\checksum and upper case\checksum and upper case\Source.cpp(26,4): error C2146: syntax error: missing ';' before identifier 'cmp'
C:\Users\Administrator\Desktop\soft dev 2\checksum and upper case\checksum and upper case\Source.cpp(26,4): error C2065: 'cmp': undeclared identifier
C:\Users\Administrator\Desktop\soft dev 2\checksum and upper case\checksum and upper case\Source.cpp(26,8): error C2146: syntax error: missing ';' before identifier 'al'
C:\Users\Administrator\Desktop\soft dev 2\checksum and upper case\checksum and upper case\Source.cpp(26,8): error C2065: 'al': undeclared identifier
C:\Users\Administrator\Desktop\soft dev 2\checksum and upper case\checksum and upper case\Source.cpp(27,4): error C2146: syntax error: missing ';' before identifier 'jg'
C:\Users\Administrator\Desktop\soft dev 2\checksum and upper case\checksum and upper case\Source.cpp(27,4): error C2065: 'jg': undeclared identifier
C:\Users\Administrator\Desktop\soft dev 2\checksum and upper case\checksum and upper case\Source.cpp(27,7): error C2146: syntax error: missing ';' before identifier 'end_loop'
C:\Users\Administrator\Desktop\soft dev 2\checksum and upper case\checksum and upper case\Source.cpp(27,7): error C2065: 'end_loop': undeclared identifier
C:\Users\Administrator\Desktop\soft dev 2\checksum and upper case\checksum and upper case\Source.cpp(29,4): error C2146: syntax error: missing ';' before identifier 'cmp'
C:\Users\Administrator\Desktop\soft dev 2\checksum and upper case\checksum and upper case\Source.cpp(29,4): error C2065: 'cmp': undeclared identifier
C:\Users\Administrator\Desktop\soft dev 2\checksum and upper case\checksum and upper case\Source.cpp(29,8): error C2146: syntax error: missing ';' before identifier 'al'
C:\Users\Administrator\Desktop\soft dev 2\checksum and upper case\checksum and upper case\Source.cpp(29,8): error C2065: 'al': undeclared identifier
C:\Users\Administrator\Desktop\soft dev 2\checksum and upper case\checksum and upper case\Source.cpp(30,4): error C2146: syntax error: missing ';' before identifier 'jl'
C:\Users\Administrator\Desktop\soft dev 2\checksum and upper case\checksum and upper case\Source.cpp(30,4): error C2065: 'jl': undeclared identifier
C:\Users\Administrator\Desktop\soft dev 2\checksum and upper case\checksum and upper case\Source.cpp(30,7): error C2146: syntax error: missing ';' before identifier 'end_loop'
C:\Users\Administrator\Desktop\soft dev 2\checksum and upper case\checksum and upper case\Source.cpp(30,7): error C2065: 'end_loop': undeclared identifier
C:\Users\Administrator\Desktop\soft dev 2\checksum and upper case\checksum and upper case\Source.cpp(31,4): error C2146: syntax error: missing ';' before identifier 'sub'
C:\Users\Administrator\Desktop\soft dev 2\checksum and upper case\checksum and upper case\Source.cpp(31,4): error C2065: 'sub': undeclared identifier
C:\Users\Administrator\Desktop\soft dev 2\checksum and upper case\checksum and upper case\Source.cpp(31,8): error C2146: syntax error: missing ';' before identifier 'al'
C:\Users\Administrator\Desktop\soft dev 2\checksum and upper case\checksum and upper case\Source.cpp(31,8): error C2065: 'al': undeclared identifier
C:\Users\Administrator\Desktop\soft dev 2\checksum and upper case\checksum and upper case\Source.cpp(32,4): error C2146: syntax error: missing ';' before identifier 'mov'
C:\Users\Administrator\Desktop\soft dev 2\checksum and upper case\checksum and upper case\Source.cpp(32,4): error C2065: 'mov': undeclared identifier
C:\Users\Administrator\Desktop\soft dev 2\checksum and upper case\checksum and upper case\Source.cpp(32,8): error C2146: syntax error: missing ';' before identifier 'byte'
C:\Users\Administrator\Desktop\soft dev 2\checksum and upper case\checksum and upper case\Source.cpp(32,8): error C2065: 'byte': undeclared identifier
C:\Users\Administrator\Desktop\soft dev 2\checksum and upper case\checksum and upper case\Source.cpp(32,13): error C2146: syntax error: missing ';' before identifier 'ptr'
C:\Users\Administrator\Desktop\soft dev 2\checksum and upper case\checksum and upper case\Source.cpp(32,13): error C2065: 'ptr': undeclared identifier
C:\Users\Administrator\Desktop\soft dev 2\checksum and upper case\checksum and upper case\Source.cpp(32,17): error C2065: 'ebx': undeclared identifier
C:\Users\Administrator\Desktop\soft dev 2\checksum and upper case\checksum and upper case\Source.cpp(32,23): error C2065: 'ecx': undeclared identifier
C:\Users\Administrator\Desktop\soft dev 2\checksum and upper case\checksum and upper case\Source.cpp(32,33): error C2065: 'al': undeclared identifier
C:\Users\Administrator\Desktop\soft dev 2\checksum and upper case\checksum and upper case\Source.cpp(34,4): error C2146: syntax error: missing ';' before identifier 'end_loop'
C:\Users\Administrator\Desktop\soft dev 2\checksum and upper case\checksum and upper case\Source.cpp(35,3): error C2065: 'loop': undeclared identifier
C:\Users\Administrator\Desktop\soft dev 2\checksum and upper case\checksum and upper case\Source.cpp(35,8): error C2146: syntax error: missing ';' before identifier 'start_loop'
C:\Users\Administrator\Desktop\soft dev 2\checksum and upper case\checksum and upper case\Source.cpp(35,8): error C2065: 'start_loop': undeclared identifier
C:\Users\Administrator\Desktop\soft dev 2\checksum and upper case\checksum and upper case\Source.cpp(36,2): error C2143: syntax error: missing ';' before '}'
